docker-compose.yml
Dockerfile
ec2Login
index.js
node_modules
nohup.out
package.json
README.md
test
docker-compose.yml
Dockerfile
ec2Login
index.js
node_modules
nohup.out
package.json
README.md
test

> travis@1.0.0 start /home/tkur2121/Tharsanan/Projects/SyscoLABS/Jenkins/Travis/travis
> node index.js

Example app listening on port 8000!
Terminated

npm ERR! Linux 4.15.0-34-generic
npm ERR! argv "/usr/bin/node" "/usr/bin/npm" "start"
npm ERR! node v8.10.0
npm ERR! npm  v3.5.2
npm ERR! code ELIFECYCLE
npm ERR! travis@1.0.0 start: `node index.js`
npm ERR! Exit status 143
npm ERR! 
npm ERR! Failed at the travis@1.0.0 start script 'node index.js'.
npm ERR! Make sure you have the latest version of node.js and npm installed.
npm ERR! If you do, this is most likely a problem with the travis package,
npm ERR! not with npm itself.
npm ERR! Tell the author that this fails on your system:
npm ERR!     node index.js
npm ERR! You can get information on how to open an issue for this project with:
npm ERR!     npm bugs travis
npm ERR! Or if that isn't available, you can get their info via:
npm ERR!     npm owner ls travis
npm ERR! There is likely additional logging output above.

npm ERR! Please include the following file with any support request:
npm ERR!     /home/tkur2121/Tharsanan/Projects/SyscoLABS/Jenkins/Travis/travis/npm-debug.log
